
2	
tps:72.84656840556055

4	
tps:100.97543776665398

8	
tps:104.35230206676252

16	
tps:109.46375592227804

2	
tps:2.0624846620547226

4	

8	
tps:174.170143664049

16	
tps:531.2283557825865

8	
tps:1153.7436182349397

12	
tps:1159.653562959747

15	

18	

21	

24	

8	
tps:5643.538313600544

12	
tps:5564.9386674839025

16	
tps:5568.218357296816

20	
tps:5043.77641392323

24	
tps:3896.2858231705645

28	
tps:1587.0817815669502

32	
tps:1255.194335596786
tps:5717.595293316589
tps:4893.461131190941
tps:5634.513506519266
tps:5453.287072658248
tps:3002.037257808962
